#
# There is insufficient memory for the Java Runtime Environment to continue.
# Native memory allocation (mmap) failed to map 266338304 bytes for G1 virtual space
# Possible reasons:
#   The system is out of physical RAM or swap space
#   The process is running with CompressedOops enabled, and the Java Heap may be blocking the growth of the native heap
# Possible solutions:
#   Reduce memory load on the system
#   Increase physical memory or swap space
#   Check if swap backing store is full
#   Decrease Java heap size (-Xmx/-Xms)
#   Decrease number of Java threads
#   Decrease Java thread stack sizes (-Xss)
#   Set larger code cache with -XX:ReservedCodeCacheSize=
#   JVM is running with Zero Based Compressed Oops mode in which the Java heap is
#     placed in the first 32GB address space. The Java Heap base address is the
#     maximum limit for the native heap growth. Please use -XX:HeapBaseMinAddress
#     to set the Java Heap base and to place the Java Heap above 32GB virtual address.
# This output file may be truncated or incomplete.
#
#  Out of Memory Error (os_windows.cpp:3548), pid=13700, tid=2652
#
# JRE version:  (17.0.10+11) (build )
# Java VM: Java HotSpot(TM) 64-Bit Server VM (17.0.10+11-LTS-240, mixed mode, sharing, tiered, compressed oops, compressed class ptrs, g1 gc, windows-amd64)
# No core dump will be written. Minidumps are not enabled by default on client versions of Windows
#

---------------  S U M M A R Y ------------

Command Line: D:\work\binblur-oms-frontend\node_modules\@openapitools\openapi-generator-cli\versions\7.4.0.jar help

Host: 11th Gen Intel(R) Core(TM) i5-1135G7 @ 2.40GHz, 8 cores, 15G,  Windows 10 , 64 bit Build 19041 (10.0.19041.1348)
Time: Mon Jul 22 11:16:35 2024  Windows 10 , 64 bit Build 19041 (10.0.19041.1348) elapsed time: 0.009138 seconds (0d 0h 0m 0s)

---------------  T H R E A D  ---------------

Current thread (0x0000025128f31460):  JavaThread "Unknown thread" [_thread_in_vm, id=2652, stack(0x000000e46ad00000,0x000000e46ae00000)]

Stack: [0x000000e46ad00000,0x000000e46ae00000]
Native frames: (J=compiled Java code, j=interpreted, Vv=VM code, C=native code)
V  [jvm.dll+0x677a5a]
V  [jvm.dll+0x7d8b2d]
V  [jvm.dll+0x7da48e]
V  [jvm.dll+0x7daaf3]
V  [jvm.dll+0x2455ff]
V  [jvm.dll+0x6749b9]
V  [jvm.dll+0x669382]
V  [jvm.dll+0x302e96]
V  [jvm.dll+0x30a416]
V  [jvm.dll+0x359cbe]
V  [jvm.dll+0x359eef]
V  [jvm.dll+0x2d9e88]
V  [jvm.dll+0x2dadf4]
V  [jvm.dll+0x7aa551]
V  [jvm.dll+0x367911]
V  [jvm.dll+0x789639]
V  [jvm.dll+0x3eb30f]
V  [jvm.dll+0x3ecd91]
C  [jli.dll+0x5297]
C  [ucrtbase.dll+0x21bb2]
C  [KERNEL32.DLL+0x17034]
C  [ntdll.dll+0x52651]


---------------  P R O C E S S  ---------------

Threads class SMR info:
_java_thread_list=0x00007ffe70906a18, length=0, elements={
}

Java Threads: ( => current thread )

Other Threads:
  0x0000025128f9a800 GCTaskThread "GC Thread#0" [stack: 0x000000e46ae00000,0x000000e46af00000] [id=13124]
  0x0000025128fab420 ConcurrentGCThread "G1 Main Marker" [stack: 0x000000e46af00000,0x000000e46b000000] [id=4576]
  0x0000025128fabe30 ConcurrentGCThread "G1 Conc#0" [stack: 0x000000e46b000000,0x000000e46b100000] [id=2120]

[error occurred during error reporting (printing all threads), id 0xc0000005, EXCEPTION_ACCESS_VIOLATION (0xc0000005) at pc=0x00007ffe7013aae7]

VM state: not at safepoint (not fully initialized)

VM Mutex/Monitor currently owned by a thread:  ([mutex/lock_event])
[0x0000025128f2afc0] Heap_lock - owner thread: 0x0000025128f31460

Heap address: 0x0000000703200000, size: 4046 MB, Compressed Oops mode: Zero based, Oop shift amount: 3

CDS archive(s) mapped at: [0x0000000000000000-0x0000000000000000-0x0000000000000000), size 0, SharedBaseAddress: 0x0000000800000000, ArchiveRelocationMode: 1.
Narrow klass base: 0x0000000000000000, Narrow klass shift: 0, Narrow klass range: 0x0

GC Precious Log:
<Empty>

Heap:
 garbage-first heap   total 0K, used 0K [0x0000000703200000, 0x0000000800000000)
  region size 2048K, 0 young (0K), 0 survivors (0K)

[error occurred during error reporting (printing heap information), id 0xc0000005, EXCEPTION_ACCESS_VIOLATION (0xc0000005) at pc=0x00007ffe70521249]

GC Heap History (0 events):
No events

Deoptimization events (0 events):
No events

Classes unloaded (0 events):
No events

Classes redefined (0 events):
No events

Internal exceptions (0 events):
No events

VM Operations (0 events):
No events

Events (1 events):
Event: 0.005 Loaded shared library C:\Program Files\Java\jdk-17\bin\java.dll


Dynamic libraries:
0x00007ff7bcf30000 - 0x00007ff7bcf40000 	C:\Program Files\Java\jdk-17\bin\java.exe
0x00007ffedec10000 - 0x00007ffedee05000 	C:\Windows\SYSTEM32\ntdll.dll
0x00007ffede8f0000 - 0x00007ffede9ae000 	C:\Windows\System32\KERNEL32.DLL
0x00007ffedc980000 - 0x00007ffedcc48000 	C:\Windows\System32\KERNELBASE.dll
0x00007ffedc6f0000 - 0x00007ffedc7f0000 	C:\Windows\System32\ucrtbase.dll
0x00007ffec3760000 - 0x00007ffec3779000 	C:\Program Files\Java\jdk-17\bin\jli.dll
0x00007ffec3bf0000 - 0x00007ffec3c0b000 	C:\Program Files\Java\jdk-17\bin\VCRUNTIME140.dll
0x00007ffeddce0000 - 0x00007ffeddd8c000 	C:\Windows\System32\ADVAPI32.dll
0x00007ffede6e0000 - 0x00007ffede77e000 	C:\Windows\System32\msvcrt.dll
0x00007ffedd8b0000 - 0x00007ffedd94b000 	C:\Windows\System32\sechost.dll
0x00007ffedea80000 - 0x00007ffedebaa000 	C:\Windows\System32\RPCRT4.dll
0x00007ffedcc50000 - 0x00007ffedcdf1000 	C:\Windows\System32\USER32.dll
0x00007ffec12e0000 - 0x00007ffec157a000 	C:\Windows\WinSxS\amd64_microsoft.windows.common-controls_6595b64144ccf1df_6.0.19041.1110_none_60b5254171f9507e\COMCTL32.dll
0x00007ffedc950000 - 0x00007ffedc972000 	C:\Windows\System32\win32u.dll
0x00007ffedd950000 - 0x00007ffedd97b000 	C:\Windows\System32\GDI32.dll
0x00007ffedc3d0000 - 0x00007ffedc4dd000 	C:\Windows\System32\gdi32full.dll
0x00007ffedc7f0000 - 0x00007ffedc88d000 	C:\Windows\System32\msvcp_win.dll
0x00007ffed6300000 - 0x00007ffed630a000 	C:\Windows\SYSTEM32\VERSION.dll
0x00007ffedd5d0000 - 0x00007ffedd600000 	C:\Windows\System32\IMM32.DLL
0x00007ffec3b00000 - 0x00007ffec3b0c000 	C:\Program Files\Java\jdk-17\bin\vcruntime140_1.dll
0x00007ffeb9ec0000 - 0x00007ffeb9f4e000 	C:\Program Files\Java\jdk-17\bin\msvcp140.dll
0x00007ffe6fe50000 - 0x00007ffe70a2f000 	C:\Program Files\Java\jdk-17\bin\server\jvm.dll
0x00007ffedcfb0000 - 0x00007ffedcfb8000 	C:\Windows\System32\PSAPI.DLL
0x00007ffed7e60000 - 0x00007ffed7e69000 	C:\Windows\SYSTEM32\WSOCK32.dll
0x00007ffec9700000 - 0x00007ffec9727000 	C:\Windows\SYSTEM32\WINMM.dll
0x00007ffedd450000 - 0x00007ffedd4bb000 	C:\Windows\System32\WS2_32.dll
0x00007ffeda1f0000 - 0x00007ffeda202000 	C:\Windows\SYSTEM32\kernel.appcore.dll
0x00007ffec3750000 - 0x00007ffec375a000 	C:\Program Files\Java\jdk-17\bin\jimage.dll
0x00007ffed53d0000 - 0x00007ffed55b4000 	C:\Windows\SYSTEM32\DBGHELP.DLL
0x00007ffec8520000 - 0x00007ffec854c000 	C:\Windows\SYSTEM32\dbgcore.DLL
0x00007ffedc8c0000 - 0x00007ffedc943000 	C:\Windows\System32\bcryptPrimitives.dll
0x00007ffebdf90000 - 0x00007ffebdfb5000 	C:\Program Files\Java\jdk-17\bin\java.dll

dbghelp: loaded successfully - version: 4.0.5 - missing functions: none
symbol engine: initialized successfully - sym options: 0x614 - pdb path: .;C:\Program Files\Java\jdk-17\bin;C:\Windows\SYSTEM32;C:\Windows\WinSxS\amd64_microsoft.windows.common-controls_6595b64144ccf1df_6.0.19041.1110_none_60b5254171f9507e;C:\Program Files\Java\jdk-17\bin\server

VM Arguments:
java_command: D:\work\binblur-oms-frontend\node_modules\@openapitools\openapi-generator-cli\versions\7.4.0.jar help
java_class_path (initial): D:\work\binblur-oms-frontend\node_modules\@openapitools\openapi-generator-cli\versions\7.4.0.jar
Launcher Type: SUN_STANDARD

[Global flags]
     intx CICompilerCount                          = 4                                         {product} {ergonomic}
     uint ConcGCThreads                            = 2                                         {product} {ergonomic}
     uint G1ConcRefinementThreads                  = 8                                         {product} {ergonomic}
   size_t G1HeapRegionSize                         = 2097152                                   {product} {ergonomic}
    uintx GCDrainStackTargetSize                   = 64                                        {product} {ergonomic}
   size_t InitialHeapSize                          = 266338304                                 {product} {ergonomic}
   size_t MarkStackSize                            = 4194304                                   {product} {ergonomic}
   size_t MaxHeapSize                              = 4242538496                                {product} {ergonomic}
   size_t MinHeapDeltaBytes                        = 2097152                                   {product} {ergonomic}
   size_t MinHeapSize                              = 8388608                                   {product} {ergonomic}
    uintx NonNMethodCodeHeapSize                   = 5839372                                {pd product} {ergonomic}
    uintx NonProfiledCodeHeapSize                  = 122909434                              {pd product} {ergonomic}
    uintx ProfiledCodeHeapSize                     = 122909434                              {pd product} {ergonomic}
    uintx ReservedCodeCacheSize                    = 251658240                              {pd product} {ergonomic}
     bool SegmentedCodeCache                       = true                                      {product} {ergonomic}
   size_t SoftMaxHeapSize                          = 4242538496                             {manageable} {ergonomic}
     bool UseCompressedClassPointers               = true                           {product lp64_product} {ergonomic}
     bool UseCompressedOops                        = true                           {product lp64_product} {ergonomic}
     bool UseG1GC                                  = true                                      {product} {ergonomic}
     bool UseLargePagesIndividualAllocation        = false                                  {pd product} {ergonomic}

Logging:
Log output configuration:
 #0: stdout all=warning uptime,level,tags
 #1: stderr all=off uptime,level,tags

Environment Variables:
JAVA_HOME=C:\Program Files\Java\jdk-17
CLASSPATH=C:\Program Files\Java\jdk-17\lib
PATH=D:\work\binblur-oms-frontend\node_modules\.bin;D:\work\node_modules\.bin;D:\node_modules\.bin;C:\Program Files\nodejs\node_modules\npm\node_modules\@npmcli\run-script\lib\node-gyp-bin;C:\Program Files\Java\jdk-17\bin;C:\Program Files\Common Files\Oracle\Java\javapath;C:\Windows\system32;C:\Windows;C:\Windows\System32\Wbem;C:\Windows\System32\WindowsPowerShell\v1.0\\;C:\Windows\Cursors\Mouse menu;C:\Program Files\7-Zip;C:\AutoSet10\Server\conf\;C:\AutoSet10\Server\bin\;C:\Program Files\Git\cmd;C:\Program Files\nodejs\;C:\Users\binblur-db\AppData\Local\Microsoft\WindowsApps;;C:\Program Files\JetBrains\IntelliJ IDEA 2024.1.4\bin;;C:\Users\binblur-db\AppData\Roaming\npm;D:\work\binblur-oms-frontend\node_modules\.bin
USERNAME=binblur-db
OS=Windows_NT
PROCESSOR_IDENTIFIER=Intel64 Family 6 Model 140 Stepping 1, GenuineIntel



---------------  S Y S T E M  ---------------

OS:
 Windows 10 , 64 bit Build 19041 (10.0.19041.1348)
OS uptime: 0 days 2:30 hours

CPU: total 8 (initial active 8) (4 cores per cpu, 2 threads per core) family 6 model 140 stepping 1 microcode 0x9a, cx8, cmov, fxsr, ht, mmx, 3dnowpref, sse, sse2, sse3, ssse3, sse4.1, sse4.2, popcnt, lzcnt, tsc, tscinvbit, avx, avx2, aes, erms, clmul, bmi1, bmi2, adx, avx512f, avx512dq, avx512cd, avx512bw, avx512vl, sha, fma, vzeroupper, avx512_vpopcntdq, avx512_vpclmulqdq, avx512_vaes, avx512_vnni, clflush, clflushopt, clwb, avx512_vbmi2, avx512_vbmi

Memory: 4k page, system-wide physical 16183M (2125M free)
TotalPageFile size 17719M (AvailPageFile size 212M)
current process WorkingSet (physical memory assigned to process): 10M, peak: 10M
current process commit charge ("private bytes"): 60M, peak: 314M

vm_info: Java HotSpot(TM) 64-Bit Server VM (17.0.10+11-LTS-240) for windows-amd64 JRE (17.0.10+11-LTS-240), built on Dec 19 2023 21:47:25 by "mach5one" with MS VC++ 17.1 (VS2022)

END.
